<?xml version="1.0" encoding="UTF-8"?>
<!-- Generated by org.testng.reporters.JUnitReportReporter -->
<testsuite skipped="0" hostname="DESKTOP-BMA1ARG" name="practice.lms.TestNGBasicProgram" tests="1" failures="0" timestamp="2020-06-29T10:47:58 IST" time="10.213" errors="0">
  <testcase name="negativeLogin" time="10.213" classname="practice.lms.TestNGBasicProgram"/>
</testsuite> <!-- practice.lms.TestNGBasicProgram -->
